<component name="libraryTable">
  <library name="junit-4">
    <CLASSES>
      <root url="file://$USER_HOME$/junit-4.13-beta-1" />
      <root url="file://$USER_HOME$/hamcrest-core-2.1" />
    </CLASSES>
    <JAVADOC />
    <SOURCES />
  </library>
</component>